{
  "src/math.ts": {
    "path": "src/math.ts",
    "statementMap": {
      "0": {
        "start": {
          "line": 2,
          "column": 2
        },
        "end": {
          "line": 2,
          "column": 15
        }
      },
      "1": {
        "start": {
          "line": 7,
          "column": 4
        },
        "end": {
          "line": 7,
          "column": 13
        }
      },
      "2": {
        "start": {
          "line": 9,
          "column": 2
        },
        "end": {
          "line": 9,
          "column": 11
        }
      }
    },
    "fnMap": {},
    "branchMap": {
      "0": {
        "line": 6,
        "type": "if",
        "loc": {
          "start": {
            "line": 6,
            "column": 2
          },
          "end": {
            "line": 8,
            "column": 3
          }
        },
        "locations": [
          {
            "start": {
              "line": 6,
              "column": 2
            },
            "end": {
              "line": 8,
              "column": 3
            }
          },
          {}
        ]
      },
      "1": {
        "line": 6,
        "type": "binary-expr",
        "loc": {
          "start": {
            "line": 6,
            "column": 6
          },
          "end": {
            "line": 6,
            "column": 20
          }
        },
        "locations": [
          {
            "start": {
              "line": 6,
              "column": 6
            },
            "end": {
              "line": 6,
              "column": 11
            }
          },
          {
            "start": {
              "line": 6,
              "column": 15
            },
            "end": {
              "line": 6,
              "column": 20
            }
          }
        ]
      }
    },
    "s": {
      "0": 1,
      "1": 0,
      "2": 0
    },
    "f": {},
    "b": {
      "0": [
        0,
        0
      ],
      "1": [
        0,
        0
      ]
    }
  }
}
