{
  "src/sample.ts": {
    "path": "src/sample.ts",
    "statementMap": {
      "0": {
        "start": { "line": 7, "column": 6 },
        "end": { "line": 7, "column": 15 }
      },
      "1": {
        "start": { "line": 9, "column": 4 },
        "end": { "line": 9, "column": 13 }
      }
    },
    "fnMap": {},
    "branchMap": {
      "0": {
        "line": 6,
        "type": "if",
        "loc": {
          "start": { "line": 6, "column": 4 },
          "end": { "line": 8, "column": 5 }
        },
        "locations": [
          {
            "start": { "line": 6, "column": 4 },
            "end": { "line": 8, "column": 5 }
          },
          {}
        ]
      }
    },
    "s": {
      "0": 1,
      "1": 0
    },
    "f": {},
    "b": {
      "0": [1, 0]
    }
  }
}
