{
  "src/sample.ts": {
    "path": "src/sample.ts",
    "statementMap": {
      "0": {
        "start": { "line": 4, "column": 6 },
        "end": { "line": 4, "column": 15 }
      },
      "1": {
        "start": { "line": 6, "column": 4 },
        "end": { "line": 6, "column": 13 }
      },
      "2": {
        "start": { "line": 13, "column": 8 },
        "end": { "line": 13, "column": 17 }
      },
      "3": {
        "start": { "line": 15, "column": 8 },
        "end": { "line": 15, "column": 17 }
      },
      "4": {
        "start": { "line": 25, "column": 8 },
        "end": { "line": 25, "column": 17 }
      },
      "5": {
        "start": { "line": 27, "column": 6 },
        "end": { "line": 27, "column": 15 }
      }
    },
    "fnMap": {},
    "branchMap": {
      "0": {
        "line": 3,
        "type": "if",
        "loc": {
          "start": { "line": 3, "column": 4 },
          "end": { "line": 5, "column": 5 }
        },
        "locations": [
          {
            "start": { "line": 3, "column": 4 },
            "end": { "line": 5, "column": 5 }
          },
          {}
        ]
      },
      "1": {
        "line": 12,
        "type": "switch",
        "loc": {
          "start": { "line": 12, "column": 4 },
          "end": { "line": 17, "column": 5 }
        },
        "locations": [
          {
            "start": { "line": 13, "column": 6 },
            "end": { "line": 13, "column": 17 }
          },
          {
            "start": { "line": 15, "column": 6 },
            "end": { "line": 15, "column": 17 }
          }
        ]
      },
      "2": {
        "line": 24,
        "type": "if",
        "loc": {
          "start": { "line": 24, "column": 6 },
          "end": { "line": 26, "column": 7 }
        },
        "locations": [
          {
            "start": { "line": 24, "column": 6 },
            "end": { "line": 26, "column": 7 }
          },
          {}
        ]
      }
    },
    "s": {
      "0": 1,
      "1": 0,
      "2": 1,
      "3": 1,
      "4": 1,
      "5": 0
    },
    "f": {},
    "b": {
      "0": [1, 0],
      "1": [1, 1],
      "2": [1, 0]
    }
  }
}
