{
  "src/sample.ts": {
    "path": "src/sample.ts",
    "statementMap": {
      "0": {
        "start": { "line": 4, "column": 4 },
        "end": { "line": 4, "column": 13 }
      },
      "1": {
        "start": { "line": 6, "column": 2 },
        "end": { "line": 6, "column": 11 }
      }
    },
    "fnMap": {
      "0": {
        "name": "deduped",
        "decl": {
          "start": { "line": 1, "column": 0 },
          "end": { "line": 1, "column": 15 }
        },
        "loc": {
          "start": { "line": 2, "column": 0 },
          "end": { "line": 7, "column": 1 }
        }
      },
      "1": {
        "name": "deduped",
        "decl": {
          "start": { "line": 1, "column": 0 },
          "end": { "line": 1, "column": 15 }
        },
        "loc": {
          "start": { "line": 1, "column": 0 },
          "end": { "line": 7, "column": null }
        }
      }
    },
    "branchMap": {
      "0": {
        "line": 3,
        "type": "if",
        "loc": {
          "start": { "line": 3, "column": 2 },
          "end": { "line": 5, "column": 3 }
        },
        "locations": [
          {
            "start": { "line": 3, "column": 2 },
            "end": { "line": 5, "column": 3 }
          },
          {}
        ]
      }
    },
    "s": {
      "0": 1,
      "1": 1
    },
    "f": {},
    "b": {
      "0": [1, 1]
    }
  }
}
