{
  "src/sample.ts": {
    "path": "src/sample.ts",
    "statementMap": {
      "0": {
        "start": { "line": 2, "column": 39 },
        "end": { "line": 2, "column": 51 }
      },
      "1": {
        "start": { "line": 6, "column": 43 },
        "end": { "line": 6, "column": 55 }
      },
      "2": {
        "start": { "line": 8, "column": 4 },
        "end": { "line": 8, "column": 30 }
      },
      "3": {
        "start": { "line": 11, "column": 2 },
        "end": { "line": 11, "column": 14 }
      }
    },
    "fnMap": {},
    "branchMap": {
      "0": {
        "line": 2,
        "type": "cond-expr",
        "loc": {
          "start": { "line": 2, "column": 39 },
          "end": { "line": 2, "column": 51 }
        },
        "locations": [
          {
            "start": { "line": 2, "column": 46 },
            "end": { "line": 2, "column": 47 }
          },
          {
            "start": { "line": 2, "column": 50 },
            "end": { "line": 2, "column": 51 }
          }
        ]
      },
      "1": {
        "line": 8,
        "type": "if",
        "loc": {
          "start": { "line": 8, "column": 2 },
          "end": { "line": 10, "column": 3 }
        },
        "locations": [
          {
            "start": { "line": 8, "column": 2 },
            "end": { "line": 10, "column": 3 }
          },
          {}
        ]
      }
    },
    "s": {
      "0": 1,
      "1": 1,
      "2": 1,
      "3": 0
    },
    "f": {},
    "b": {
      "0": [1, 0],
      "1": [1, 0]
    }
  }
}
